<?xml version="1.0" encoding="UTF-8"?>
<robot generator="Robot 3.1.2 (Python 3.7.2 on darwin)" generated="20190806 16:18:06.382" rpa="false">
<suite id="s1" name="FirstTestSuite" source="/Users/thinguyen/Desktop/QA/Automation Framework/Robot Framework/robot-framework/tests/FirstTestSuite.robot">
<test id="s1-t1" name="TC_001_LoginTest">
<kw name="Open Browser" library="SeleniumLibrary">
<doc>Opens a new browser instance to the given ``url``.</doc>
<arguments>
<arg>${URL}</arg>
<arg>${Browser}</arg>
</arguments>
<msg timestamp="20190806 16:18:07.121" level="INFO">Opening browser 'Chrome' to base url 'https://opensource-demo.orangehrmlive.com/'.</msg>
<status status="PASS" starttime="20190806 16:18:07.121" endtime="20190806 16:18:12.897"></status>
</kw>
<kw name="Do Login">
<kw name="Input Text" library="SeleniumLibrary">
<doc>Types the given ``text`` into text field identified by ``locator``.</doc>
<arguments>
<arg>id:txtUsername</arg>
<arg>@{Credentials}[0]</arg>
</arguments>
<msg timestamp="20190806 16:18:12.899" level="INFO">Typing text 'Admin' into text field 'id:txtUsername'.</msg>
<status status="PASS" starttime="20190806 16:18:12.899" endtime="20190806 16:18:13.010"></status>
</kw>
<kw name="Input Text" library="SeleniumLibrary">
<doc>Types the given ``text`` into text field identified by ``locator``.</doc>
<arguments>
<arg>id:txtPassword</arg>
<arg>&amp;{LoginData}[password]</arg>
</arguments>
<msg timestamp="20190806 16:18:13.010" level="INFO">Typing text 'admin123' into text field 'id:txtPassword'.</msg>
<status status="PASS" starttime="20190806 16:18:13.010" endtime="20190806 16:18:13.072"></status>
</kw>
<kw name="Click Element" library="SeleniumLibrary">
<doc>Click element identified by ``locator``.</doc>
<arguments>
<arg>name:Submit</arg>
</arguments>
<msg timestamp="20190806 16:18:13.073" level="INFO">Clicking element 'name:Submit'.</msg>
<status status="PASS" starttime="20190806 16:18:13.072" endtime="20190806 16:18:14.551"></status>
</kw>
<status status="PASS" starttime="20190806 16:18:12.898" endtime="20190806 16:18:14.551"></status>
</kw>
<kw name="Close Browser" library="SeleniumLibrary">
<doc>Closes the current browser.</doc>
<status status="PASS" starttime="20190806 16:18:14.551" endtime="20190806 16:18:14.644"></status>
</kw>
<status status="PASS" starttime="20190806 16:18:07.121" endtime="20190806 16:18:14.644" critical="yes"></status>
</test>
<doc>Suite description</doc>
<status status="PASS" starttime="20190806 16:18:06.384" endtime="20190806 16:18:14.646"></status>
</suite>
<statistics>
<total>
<stat pass="1" fail="0">Critical Tests</stat>
<stat pass="1" fail="0">All Tests</stat>
</total>
<tag>
</tag>
<suite>
<stat pass="1" fail="0" id="s1" name="FirstTestSuite">FirstTestSuite</stat>
</suite>
</statistics>
<errors>
</errors>
</robot>
