<?xml version="1.0" encoding="UTF-8"?>
<robot generator="Robot 3.1.2 (Python 3.7.2 on darwin)" generated="20190806 16:20:15.675" rpa="false">
<suite id="s1" name="FirstTestSuite" source="/Users/thinguyen/Desktop/QA/Automation Framework/Robot Framework/robot-framework/tests/FirstTestSuite.robot">
<test id="s1-t1" name="TC_001_LoginTest">
<kw name="Open Browser" library="SeleniumLibrary">
<doc>Opens a new browser instance to the given ``url``.</doc>
<arguments>
<arg>${URL}</arg>
<arg>${Browser}</arg>
</arguments>
<msg timestamp="20190806 16:20:15.860" level="INFO">Opening browser 'Chrome' to base url 'https://opensource-demo.orangehrmlive.com/'.</msg>
<status status="PASS" starttime="20190806 16:20:15.860" endtime="20190806 16:20:21.888"></status>
</kw>
<kw name="Do Login">
<kw name="Input Text" library="SeleniumLibrary">
<doc>Types the given ``text`` into text field identified by ``locator``.</doc>
<arguments>
<arg>id:txtUsername</arg>
<arg>@{Credentials}[0]</arg>
</arguments>
<msg timestamp="20190806 16:20:21.889" level="INFO">Typing text 'Admin' into text field 'id:txtUsername'.</msg>
<status status="PASS" starttime="20190806 16:20:21.889" endtime="20190806 16:20:21.995"></status>
</kw>
<kw name="Input Text" library="SeleniumLibrary">
<doc>Types the given ``text`` into text field identified by ``locator``.</doc>
<arguments>
<arg>id:txtPassword</arg>
<arg>&amp;{LoginData}[password]</arg>
</arguments>
<msg timestamp="20190806 16:20:21.995" level="INFO">Typing text 'admin123' into text field 'id:txtPassword'.</msg>
<status status="PASS" starttime="20190806 16:20:21.995" endtime="20190806 16:20:22.057"></status>
</kw>
<kw name="Click Element" library="SeleniumLibrary">
<doc>Click element identified by ``locator``.</doc>
<arguments>
<arg>name:Submit</arg>
</arguments>
<msg timestamp="20190806 16:20:22.057" level="INFO">Clicking element 'name:Submit'.</msg>
<status status="PASS" starttime="20190806 16:20:22.057" endtime="20190806 16:20:23.640"></status>
</kw>
<status status="PASS" starttime="20190806 16:20:21.888" endtime="20190806 16:20:23.640"></status>
</kw>
<kw name="Close Browser" library="SeleniumLibrary">
<doc>Closes the current browser.</doc>
<status status="PASS" starttime="20190806 16:20:23.641" endtime="20190806 16:20:23.722"></status>
</kw>
<status status="PASS" starttime="20190806 16:20:15.859" endtime="20190806 16:20:23.722" critical="yes"></status>
</test>
<doc>Suite description</doc>
<status status="PASS" starttime="20190806 16:20:15.677" endtime="20190806 16:20:23.725"></status>
</suite>
<statistics>
<total>
<stat pass="1" fail="0">Critical Tests</stat>
<stat pass="1" fail="0">All Tests</stat>
</total>
<tag>
</tag>
<suite>
<stat pass="1" fail="0" id="s1" name="FirstTestSuite">FirstTestSuite</stat>
</suite>
</statistics>
<errors>
</errors>
</robot>
